#                                                               --- full sequence ---- --- best 1 domain ---- --- domain number estimation ----
# target name        accession  query name           accession    E-value  score  bias   E-value  score  bias   exp reg clu  ov env dom rep inc description of target
#------------------- ---------- -------------------- ---------- --------- ------ ----- --------- ------ -----   --- --- --- --- --- --- --- --- ---------------------
Pag3770_10_4078      -          WY_fold              -            2.5e-71  232.9  20.7   1.5e-16   58.2   0.2   6.6   7   0   0   7   7   7   5 [788713 - 786857] (REVERSE SENSE) 
Pag3770_10_3187      -          WY_fold              -            1.5e-39  131.6  16.6     1e-13   49.1   0.4   5.6   5   0   0   5   5   5   5 [1535037 - 1533511] (REVERSE SENSE) 
Pag3770_10_3258      -          WY_fold              -            3.9e-39  130.3  15.1   6.1e-14   49.9   0.1   5.5   5   0   0   5   5   5   5 [1444811 - 1443309] (REVERSE SENSE) 
Pag3770_10_3927      -          WY_fold              -              2e-27   92.9  10.6   1.6e-12   45.3   0.8   3.6   3   0   0   3   3   3   3 [961649 - 960657] (REVERSE SENSE) 
Pag3770_10_3069      -          WY_fold              -            2.6e-21   73.4  10.8     8e-11   40.0   0.2   3.9   3   0   0   3   3   3   3 [1619324 - 1618092] (REVERSE SENSE) 
Pag3770_10_1702      -          WY_fold              -            6.2e-20   69.0   1.1   2.2e-14   51.3   0.1   2.4   2   0   0   2   2   2   2 [1564357 - 1565166] 
Pag3770_10_3147      -          WY_fold              -            1.1e-19   68.2   1.1     3e-14   50.9   0.1   2.5   2   0   0   2   2   2   2 [1558775 - 1557792] (REVERSE SENSE) 
Pag3770_10_2899      -          WY_fold              -            1.1e-17   61.8  10.2   1.2e-10   39.4   0.2   3.8   4   0   0   4   4   4   2 [1773184 - 1772114] (REVERSE SENSE) 
Pag3770_10_2741      -          WY_fold              -            2.4e-13   48.0   0.6   3.7e-13   47.4   0.6   1.3   1   0   0   1   1   1   1 [1898695 - 1898207] (REVERSE SENSE) 
Pag3770_10_1703      -          WY_fold              -            1.9e-12   45.1   1.0   1.4e-07   29.6   0.0   2.6   2   0   0   2   2   2   2 [1565424 - 1565858] 
Pag3770_10_3148      -          WY_fold              -            1.9e-12   45.1   1.0   1.4e-07   29.6   0.0   2.6   2   0   0   2   2   2   2 [1557534 - 1557100] (REVERSE SENSE) 
Pag3770_10_2743      -          WY_fold              -            8.5e-11   39.9   8.0   3.2e-07   28.4   1.1   2.7   2   1   0   2   2   2   2 [1897941 - 1897363] (REVERSE SENSE) 
Pag3770_10_3023      -          WY_fold              -            9.7e-10   36.5   1.1   2.3e-09   35.3   1.1   1.7   1   0   0   1   1   1   1 [1664294 - 1663554] (REVERSE SENSE) 
#
# Program:         hmmsearch
# Version:         3.3.2 (Nov 2020)
# Pipeline mode:   SEARCH
# Query file:      data/WY_fold.hmm
# Target file:     output_data/Paga_3770v2_chr10.orfs-min70long.start2stop.fasta
# Option settings: hmmsearch --tblout output_data/Paga_3770v2_chr10.orfs-min70long.start2stop.rxlr_WYfold_hmm.out -T 0 --seed 123 --cpu 4 data/WY_fold.hmm output_data/Paga_3770v2_chr10.orfs-min70long.start2stop.fasta 
# Current dir:     /home/changlab/oomy_RXLRs
# Date:            Mon Aug  7 09:45:48 2023
# [ok]
